{
  "0 debug pnpm:scope": {
    "selected": 1
  },
  "1 debug pnpm:package-manifest": {
    "initial": {
      "name": "backend",
      "version": "1.0.0",
      "main": "index.js",
      "scripts": {
        "test": "echo \"Error: no test specified\" && exit 1"
      },
      "keywords": [],
      "author": "",
      "license": "ISC",
      "description": ""
    },
    "prefix": "/home/workspace/reactjs/coding-practices/companyAssignmentTemplate/backend"
  },
  "2 debug pnpm:context": {
    "currentLockfileExists": false,
    "storeDir": "/home/workspace/.pnpm-store/v3",
    "virtualStoreDir": "/home/workspace/reactjs/coding-practices/companyAssignmentTemplate/backend/node_modules/.pnpm"
  },
  "3 debug pnpm:stage": {
    "prefix": "/home/workspace/reactjs/coding-practices/companyAssignmentTemplate/backend",
    "stage": "resolution_started"
  },
  "4 debug pnpm:_dependency_resolved": {
    "resolution": "registry.npmjs.org/express/4.19.2",
    "wanted": {
      "dependentId": ".",
      "name": "express",
      "rawSpec": "latest"
    }
  },
  "5 debug pnpm:progress": {
    "packageId": "registry.npmjs.org/express/4.19.2",
    "requester": "/home/workspace/reactjs/coding-practices/companyAssignmentTemplate/backend",
    "status": "resolved"
  },
  "6 debug pnpm:progress": {
    "packageId": "registry.npmjs.org/express/4.19.2",
    "requester": "/home/workspace/reactjs/coding-practices/companyAssignmentTemplate/backend",
    "status": "found_in_store"
  },
  "7 warn pnpm:install-check": {
    "message": "Unsupported engine for registry.npmjs.org/mongoose/8.5.2: wanted: {\"node\":\">=16.20.1\"} (current: {\"node\":\"v14.18.2\",\"pnpm\":\"6.32.10\"})",
    "prefix": "/home/workspace/reactjs/coding-practices/companyAssignmentTemplate/backend"
  },
  "8 debug pnpm:_dependency_resolved": {
    "resolution": "registry.npmjs.org/mongoose/8.5.2",
    "wanted": {
      "dependentId": ".",
      "name": "mongoose",
      "rawSpec": "latest"
    }
  },
  "9 debug pnpm:progress": {
    "packageId": "registry.npmjs.org/mongoose/8.5.2",
    "requester": "/home/workspace/reactjs/coding-practices/companyAssignmentTemplate/backend",
    "status": "resolved"
  },
  "10 error pnpm": {
    "code": "ERR_PNPM_MALFORMED_METADATA",
    "hint": "This might mean that the package was unpublished from the registry",
    "pkgsStack": [],
    "err": {
      "name": "pnpm",
      "message": "Received malformed metadata for \"supabase-js\"",
      "code": "ERR_PNPM_MALFORMED_METADATA",
      "stack": "pnpm: Received malformed metadata for \"supabase-js\"\n    at default_1 (/usr/local/lib/node_modules/pnpm/dist/pnpm.cjs:85457:15)\n    at exports2.default (/usr/local/lib/node_modules/pnpm/dist/pnpm.cjs:85596:60)\n    at processTicksAndRejections (internal/process/task_queues.js:95:5)\n    at async resolveNpm (/usr/local/lib/node_modules/pnpm/dist/pnpm.cjs:86009:22)\n    at async Object.resolve (/usr/local/lib/node_modules/pnpm/dist/pnpm.cjs:86223:34)\n    at async run (/usr/local/lib/node_modules/pnpm/dist/pnpm.cjs:74299:23)"
    }
  }
}